<?xml version="1.0" encoding="UTF-8"?>
<testng-results ignored="0" total="1" passed="1" failed="0" skipped="0">
  <reporter-output>
  </reporter-output>
  <suite started-at="2024-02-05T17:09:09 IST" name="Default suite" finished-at="2024-02-05T17:09:11 IST" duration-ms="1360">
    <groups>
    </groups>
    <test started-at="2024-02-05T17:09:09 IST" name="Default test" finished-at="2024-02-05T17:09:11 IST" duration-ms="1360">
      <class name="rest_assured.Headers1">
        <test-method signature="headerTest()[pri:0, instance:rest_assured.Headers1@52af26ee]" started-at="2024-02-05T17:09:09 IST" name="headerTest" finished-at="2024-02-05T17:09:11 IST" duration-ms="1326" status="PASS">
          <reporter-output>
          </reporter-output>
        </test-method> <!-- headerTest -->
      </class> <!-- rest_assured.Headers1 -->
    </test> <!-- Default test -->
  </suite> <!-- Default suite -->
</testng-results>
